Using pre-set license
Built from '2020.3/staging' branch; Version is '2020.3.25f1 (9b9180224418) revision 10195328'; Using compiler version '192528614'; Build Type 'Release'
OS: 'Windows 11  (10.0.22000) 64bit CoreSingleLanguage' Language: 'en' Physical Memory: 16151 MB
BatchMode: 1, IsHumanControllingUs: 0, StartBugReporterOnCrash: 0, Is64bit: 1, IsPro: 0

COMMAND LINE ARGUMENTS:
C:\Program Files\Unity\Hub\Editor\2020.3.25f1\Editor\Unity.exe
-adb2
-batchMode
-noUpm
-name
AssetImportWorker0
-projectPath
C:/Users/hp/Desktop/Alpha Build/Survivor-Gamedev/Survivor-Unity-lvl_1
-logFile
Logs/AssetImportWorker0.log
-srvPort
52139
Successfully changed project path to: C:/Users/hp/Desktop/Alpha Build/Survivor-Gamedev/Survivor-Unity-lvl_1
C:/Users/hp/Desktop/Alpha Build/Survivor-Gamedev/Survivor-Unity-lvl_1
Using Asset Import Pipeline V2.
Refreshing native plugins compatible for Editor in 25.14 ms, found 2 plugins.
Preloading 0 native plugins for Editor in 0.00 ms.
Initialize engine version: 2020.3.25f1 (9b9180224418)
[Subsystems] Discovering subsystems at path C:/Program Files/Unity/Hub/Editor/2020.3.25f1/Editor/Data/Resources/UnitySubsystems
[Subsystems] Discovering subsystems at path C:/Users/hp/Desktop/Alpha Build/Survivor-Gamedev/Survivor-Unity-lvl_1/Assets
GfxDevice: creating device client; threaded=0
Direct3D:
    Version:  Direct3D 11.0 [level 11.1]
    Renderer: Intel(R) Iris(R) Xe Graphics (ID=0x9a49)
    Vendor:   
    VRAM:     8075 MB
    Driver:   30.0.100.9805
Initialize mono
Mono path[0] = 'C:/Program Files/Unity/Hub/Editor/2020.3.25f1/Editor/Data/Managed'
Mono path[1] = 'C:/Program Files/Unity/Hub/Editor/2020.3.25f1/Editor/Data/MonoBleedingEdge/lib/mono/unityjit'
Mono config path = 'C:/Program Files/Unity/Hub/Editor/2020.3.25f1/Editor/Data/MonoBleedingEdge/etc'
Using monoOptions --debugger-agent=transport=dt_socket,embedding=1,server=y,suspend=n,address=127.0.0.1:56304
Begin MonoManager ReloadAssembly
Registering precompiled unity dll's ...
Register platform support module: C:/Program Files/Unity/Hub/Editor/2020.3.25f1/Editor/Data/PlaybackEngines/WebGLSupport/UnityEditor.WebGL.Extensions.dll
Register platform support module: C:/Program Files/Unity/Hub/Editor/2020.3.25f1/Editor/Data/PlaybackEngines/WindowsStandaloneSupport/UnityEditor.WindowsStandalone.Extensions.dll
Registered in 0.002480 seconds.
Native extension for WindowsStandalone target not found
Native extension for WebGL target not found
Refreshing native plugins compatible for Editor in 25.96 ms, found 2 plugins.
Preloading 0 native plugins for Editor in 0.00 ms.
Mono: successfully reloaded assembly
- Completed reload, in  0.439 seconds
Domain Reload Profiling:
	ReloadAssembly (439ms)
		BeginReloadAssembly (43ms)
			ExecutionOrderSort (0ms)
			DisableScriptedObjects (0ms)
			BackupInstance (0ms)
			ReleaseScriptingObjects (0ms)
			CreateAndSetChildDomain (1ms)
		EndReloadAssembly (340ms)
			LoadAssemblies (41ms)
			RebuildTransferFunctionScriptingTraits (0ms)
			SetupTypeCache (112ms)
			ReleaseScriptCaches (0ms)
			RebuildScriptCaches (26ms)
			SetupLoadedEditorAssemblies (121ms)
				LogAssemblyErrors (0ms)
				InitializePlatformSupportModulesInManaged (4ms)
				SetLoadedEditorAssemblies (0ms)
				RefreshPlugins (26ms)
				BeforeProcessingInitializeOnLoad (9ms)
				ProcessInitializeOnLoadAttributes (62ms)
				ProcessInitializeOnLoadMethodAttributes (19ms)
				AfterProcessingInitializeOnLoad (0ms)
				EditorAssembliesLoaded (0ms)
			ExecutionOrderSort2 (0ms)
			AwakeInstancesAfterBackupRestoration (0ms)
Platform modules already initialized, skipping
Registering precompiled user dll's ...
Registered in 0.003418 seconds.
Begin MonoManager ReloadAssembly
Native extension for WindowsStandalone target not found
Native extension for WebGL target not found
Refreshing native plugins compatible for Editor in 0.27 ms, found 2 plugins.
Preloading 0 native plugins for Editor in 0.00 ms.
Mono: successfully reloaded assembly
- Completed reload, in  0.706 seconds
Domain Reload Profiling:
	ReloadAssembly (706ms)
		BeginReloadAssembly (103ms)
			ExecutionOrderSort (0ms)
			DisableScriptedObjects (3ms)
			BackupInstance (0ms)
			ReleaseScriptingObjects (0ms)
			CreateAndSetChildDomain (15ms)
		EndReloadAssembly (561ms)
			LoadAssemblies (65ms)
			RebuildTransferFunctionScriptingTraits (0ms)
			SetupTypeCache (192ms)
			ReleaseScriptCaches (0ms)
			RebuildScriptCaches (30ms)
			SetupLoadedEditorAssemblies (214ms)
				LogAssemblyErrors (0ms)
				InitializePlatformSupportModulesInManaged (4ms)
				SetLoadedEditorAssemblies (0ms)
				RefreshPlugins (0ms)
				BeforeProcessingInitializeOnLoad (63ms)
				ProcessInitializeOnLoadAttributes (135ms)
				ProcessInitializeOnLoadMethodAttributes (7ms)
				AfterProcessingInitializeOnLoad (4ms)
				EditorAssembliesLoaded (0ms)
			ExecutionOrderSort2 (0ms)
			AwakeInstancesAfterBackupRestoration (4ms)
Platform modules already initialized, skipping
========================================================================
Worker process is ready to serve import requests
Launched and connected shader compiler UnityShaderCompiler.exe after 0.04 seconds
Refreshing native plugins compatible for Editor in 0.30 ms, found 2 plugins.
Preloading 0 native plugins for Editor in 0.00 ms.
Unloading 1521 Unused Serialized files (Serialized files now loaded: 0)
System memory in use before: 69.7 MB.
System memory in use after: 69.8 MB.

Unloading 16 unused Assets to reduce memory usage. Loaded Objects now: 1958.
Total: 2.238800 ms (FindLiveObjects: 0.168700 ms CreateObjectMapping: 0.028000 ms MarkObjects: 1.985400 ms  DeleteObjects: 0.055900 ms)

AssetImportParameters requested are different than current active one (requested -> active):
  custom:framework-win-MediaFoundation: 216162199b28c13a410421893ffa2e32 -> 
  custom:video-decoder-ogg-theora: a1e56fd34408186e4bbccfd4996cb3dc -> 
  custom:container-muxer-webm: aa71ff27fc2769a1b78a27578f13a17b -> 
  custom:container-demuxer-webm: 4f35f7cbe854078d1ac9338744f61a02 -> 
  custom:container-demuxer-ogg: 62fdf1f143b41e24485cea50d1cbac27 -> 
  custom:video-encoder-webm-vp8: eb34c28f22e8b96e1ab97ce403110664 -> 
  custom:video-codec-MediaFoundation-h265: 746d11721c4dcdbdad8f713fa42b33f4 -> 
  custom:video-decoder-webm-vp8: 9c59270c3fd7afecdb556c50c9e8de78 -> 
  custom:audio-decoder-ogg-vorbis: bf7c407c2cedff20999df2af8eb42d56 -> 
  custom:audio-encoder-webm-vorbis: bf7c407c2cedff20999df2af8eb42d56 -> 
========================================================================
Received Import Request.
  path: Assets/Nature - Essentials
  artifactKey: Guid(ae34c907665d13049a0540db273c8ab2) Importer(815301076,1909f56bfc062723c751e8b465ee728b)
Start importing Assets/Nature - Essentials using Guid(ae34c907665d13049a0540db273c8ab2) Importer(815301076,1909f56bfc062723c751e8b465ee728b)  -> (artifact id: '67b96d9b96872c2c1de2ca219c77ddf7') in 0.004180 seconds 
  Import took 0.005890 seconds .

========================================================================
Received Import Request.
  Time since last request: 2.733990 seconds.
  path: Assets/2d Wallpaper - WallpaperSafari.jpg
  artifactKey: Guid(38ae3245a869b30428dbff7f3cdeb0be) Importer(815301076,1909f56bfc062723c751e8b465ee728b)
Start importing Assets/2d Wallpaper - WallpaperSafari.jpg using Guid(38ae3245a869b30428dbff7f3cdeb0be) Importer(815301076,1909f56bfc062723c751e8b465ee728b)  -> (artifact id: 'dcda0201cdc903747eecdd64044c17a4') in 0.110261 seconds 
  Import took 0.113602 seconds .

========================================================================
Received Import Request.
  Time since last request: 0.000509 seconds.
  path: Assets/Skybox1.mat
  artifactKey: Guid(b700508f60de9824b834f0f18e4e8c3b) Importer(815301076,1909f56bfc062723c751e8b465ee728b)
Start importing Assets/Skybox1.mat using Guid(b700508f60de9824b834f0f18e4e8c3b) Importer(815301076,1909f56bfc062723c751e8b465ee728b)  -> (artifact id: 'f2ff1c33e5b8d97f6e0c5b59157349ba') in 0.076380 seconds 
  Import took 0.078313 seconds .

========================================================================
Received Import Request.
  Time since last request: 122.878167 seconds.
  path: Assets/Modern Weapons
  artifactKey: Guid(a70311b56b17b8b40aeb0b4ba41965eb) Importer(815301076,1909f56bfc062723c751e8b465ee728b)
Start importing Assets/Modern Weapons using Guid(a70311b56b17b8b40aeb0b4ba41965eb) Importer(815301076,1909f56bfc062723c751e8b465ee728b)  -> (artifact id: '7c588ab65ec1c325b80cbe2cccc76816') in 0.004673 seconds 
  Import took 0.008580 seconds .

========================================================================
Received Import Request.
  Time since last request: 1.259505 seconds.
  path: Assets/Bard's Tales - Peaceful Harp Music Pack LITE
  artifactKey: Guid(0283fbcdb8f51c14993266bd0c7c3a2a) Importer(815301076,1909f56bfc062723c751e8b465ee728b)
Start importing Assets/Bard's Tales - Peaceful Harp Music Pack LITE using Guid(0283fbcdb8f51c14993266bd0c7c3a2a) Importer(815301076,1909f56bfc062723c751e8b465ee728b)  -> (artifact id: '91d93baee38336294073437d66bdeeee') in 0.003687 seconds 
  Import took 0.008059 seconds .

========================================================================
Received Import Request.
  Time since last request: 4.514475 seconds.
  path: Assets/Bard's Tales - Peaceful Harp Music Pack LITE/WAV
  artifactKey: Guid(bb4ada788446f64428776d572095430f) Importer(815301076,1909f56bfc062723c751e8b465ee728b)
Start importing Assets/Bard's Tales - Peaceful Harp Music Pack LITE/WAV using Guid(bb4ada788446f64428776d572095430f) Importer(815301076,1909f56bfc062723c751e8b465ee728b)  -> (artifact id: 'e9e2f6fde2c8fa2e386ec07f61ecc101') in 0.006316 seconds 
  Import took 0.010524 seconds .

========================================================================
Received Import Request.
  Time since last request: 0.001573 seconds.
  path: Assets/Bard's Tales - Peaceful Harp Music Pack LITE/WAV/4. Solitary Expedition.wav
  artifactKey: Guid(c868acb7bb3d1d14284c202b5fb159d2) Importer(815301076,1909f56bfc062723c751e8b465ee728b)
Start importing Assets/Bard's Tales - Peaceful Harp Music Pack LITE/WAV/4. Solitary Expedition.wav using Guid(c868acb7bb3d1d14284c202b5fb159d2) Importer(815301076,1909f56bfc062723c751e8b465ee728b)  -> (artifact id: '9d5b6af810d481811d1328a8bded0798') in 0.056625 seconds 
  Import took 0.059164 seconds .

========================================================================
Received Import Request.
  Time since last request: 0.000390 seconds.
  path: Assets/Bard's Tales - Peaceful Harp Music Pack LITE/WAV/10. Enchanted Forest.wav
  artifactKey: Guid(57ce7b2dbdf0c0d4d84b8eaa8f18bb1c) Importer(815301076,1909f56bfc062723c751e8b465ee728b)
Start importing Assets/Bard's Tales - Peaceful Harp Music Pack LITE/WAV/10. Enchanted Forest.wav using Guid(57ce7b2dbdf0c0d4d84b8eaa8f18bb1c) Importer(815301076,1909f56bfc062723c751e8b465ee728b)  -> (artifact id: '2cc994a7f2d9daed1c1a1db524fbd34e') in 0.019151 seconds 
  Import took 0.022278 seconds .

========================================================================
Received Import Request.
  Time since last request: 0.000357 seconds.
  path: Assets/Bard's Tales - Peaceful Harp Music Pack LITE/WAV/2. Adventure Begins.wav
  artifactKey: Guid(6a3ab451b2bf26f40a0e257379ef3ffb) Importer(815301076,1909f56bfc062723c751e8b465ee728b)
Start importing Assets/Bard's Tales - Peaceful Harp Music Pack LITE/WAV/2. Adventure Begins.wav using Guid(6a3ab451b2bf26f40a0e257379ef3ffb) Importer(815301076,1909f56bfc062723c751e8b465ee728b)  -> (artifact id: '21369f385f10d42c234d6a3fcf6c54b1') in 0.018520 seconds 
  Import took 0.021912 seconds .

========================================================================
Received Import Request.
  Time since last request: 0.000508 seconds.
  path: Assets/Bard's Tales - Peaceful Harp Music Pack LITE/WAV/6. Magic.wav
  artifactKey: Guid(913262003abe99a43b5f698ae24a3e42) Importer(815301076,1909f56bfc062723c751e8b465ee728b)
Start importing Assets/Bard's Tales - Peaceful Harp Music Pack LITE/WAV/6. Magic.wav using Guid(913262003abe99a43b5f698ae24a3e42) Importer(815301076,1909f56bfc062723c751e8b465ee728b)  -> (artifact id: '1c5fa0b208d7cfc3159fc4b804d41543') in 0.018068 seconds 
  Import took 0.021241 seconds .

========================================================================
Received Import Request.
  Time since last request: 0.000510 seconds.
  path: Assets/Bard's Tales - Peaceful Harp Music Pack LITE/WAV/3. Elven Forest City.wav
  artifactKey: Guid(e1c6de42db985284a8dfb8218fd102cf) Importer(815301076,1909f56bfc062723c751e8b465ee728b)
Start importing Assets/Bard's Tales - Peaceful Harp Music Pack LITE/WAV/3. Elven Forest City.wav using Guid(e1c6de42db985284a8dfb8218fd102cf) Importer(815301076,1909f56bfc062723c751e8b465ee728b)  -> (artifact id: 'b512d59bd8dc3d845684435d4386c91b') in 0.016583 seconds 
  Import took 0.020367 seconds .

========================================================================
Received Import Request.
  Time since last request: 0.000443 seconds.
  path: Assets/Bard's Tales - Peaceful Harp Music Pack LITE/WAV/9. The Unknown Awaits You.wav
  artifactKey: Guid(044d1112b64c8d0449e6d29b06bc1668) Importer(815301076,1909f56bfc062723c751e8b465ee728b)
Start importing Assets/Bard's Tales - Peaceful Harp Music Pack LITE/WAV/9. The Unknown Awaits You.wav using Guid(044d1112b64c8d0449e6d29b06bc1668) Importer(815301076,1909f56bfc062723c751e8b465ee728b)  -> (artifact id: '84dc10c0299b1e948c78d80dc7874d77') in 0.018149 seconds 
  Import took 0.021601 seconds .

========================================================================
Received Import Request.
  Time since last request: 25.486415 seconds.
  path: Assets/Bard's Tales - Peaceful Harp Music Pack LITE/OGG
  artifactKey: Guid(7f41001a9656e84419c9eb3b39aaa29a) Importer(815301076,1909f56bfc062723c751e8b465ee728b)
Start importing Assets/Bard's Tales - Peaceful Harp Music Pack LITE/OGG using Guid(7f41001a9656e84419c9eb3b39aaa29a) Importer(815301076,1909f56bfc062723c751e8b465ee728b)  -> (artifact id: '8bed5bdad90abae052551177e36985a1') in 0.003938 seconds 
  Import took 0.006599 seconds .

========================================================================
Received Import Request.
  Time since last request: 0.000651 seconds.
  path: Assets/Bard's Tales - Peaceful Harp Music Pack LITE/OGG/9. The Unknown Awaits You.ogg
  artifactKey: Guid(8841c7da001133347b78fced12e9269b) Importer(815301076,1909f56bfc062723c751e8b465ee728b)
Start importing Assets/Bard's Tales - Peaceful Harp Music Pack LITE/OGG/9. The Unknown Awaits You.ogg using Guid(8841c7da001133347b78fced12e9269b) Importer(815301076,1909f56bfc062723c751e8b465ee728b)  -> (artifact id: '3ea3f5054f83a435551ea4f76c4968d8') in 0.031708 seconds 
  Import took 0.033938 seconds .

========================================================================
Received Import Request.
  Time since last request: 0.000462 seconds.
  path: Assets/Bard's Tales - Peaceful Harp Music Pack LITE/OGG/2. Adventure Begins.ogg
  artifactKey: Guid(c9f4c3a319f77e049aa2b1d6e325a3a7) Importer(815301076,1909f56bfc062723c751e8b465ee728b)
Start importing Assets/Bard's Tales - Peaceful Harp Music Pack LITE/OGG/2. Adventure Begins.ogg using Guid(c9f4c3a319f77e049aa2b1d6e325a3a7) Importer(815301076,1909f56bfc062723c751e8b465ee728b)  -> (artifact id: '5b87bb19165e62d34c4fac60c26e6e38') in 0.018079 seconds 
  Import took 0.020734 seconds .

========================================================================
Received Import Request.
  Time since last request: 0.000456 seconds.
  path: Assets/Bard's Tales - Peaceful Harp Music Pack LITE/OGG/4. Solitary Expedition.ogg
  artifactKey: Guid(a52a5d6e5122a134ab2d1c4c18eff425) Importer(815301076,1909f56bfc062723c751e8b465ee728b)
Start importing Assets/Bard's Tales - Peaceful Harp Music Pack LITE/OGG/4. Solitary Expedition.ogg using Guid(a52a5d6e5122a134ab2d1c4c18eff425) Importer(815301076,1909f56bfc062723c751e8b465ee728b)  -> (artifact id: '3f24075388750f77a3077ede0f345836') in 0.014583 seconds 
  Import took 0.018569 seconds .

========================================================================
Received Import Request.
  Time since last request: 0.000340 seconds.
  path: Assets/Bard's Tales - Peaceful Harp Music Pack LITE/OGG/6. Magic.ogg
  artifactKey: Guid(0ceabaad2d02ecf4cb2cb30d218fccb2) Importer(815301076,1909f56bfc062723c751e8b465ee728b)
Start importing Assets/Bard's Tales - Peaceful Harp Music Pack LITE/OGG/6. Magic.ogg using Guid(0ceabaad2d02ecf4cb2cb30d218fccb2) Importer(815301076,1909f56bfc062723c751e8b465ee728b)  -> (artifact id: '1506fc27858597bdc1160a84a84dc83e') in 0.017185 seconds 
  Import took 0.020362 seconds .

========================================================================
Received Import Request.
  Time since last request: 0.000567 seconds.
  path: Assets/Bard's Tales - Peaceful Harp Music Pack LITE/OGG/10. Enchanted Forest.ogg
  artifactKey: Guid(60a8195a727e81243a30f42502516c15) Importer(815301076,1909f56bfc062723c751e8b465ee728b)
Start importing Assets/Bard's Tales - Peaceful Harp Music Pack LITE/OGG/10. Enchanted Forest.ogg using Guid(60a8195a727e81243a30f42502516c15) Importer(815301076,1909f56bfc062723c751e8b465ee728b)  -> (artifact id: '256b277754eb25b0ff5a20142017b01f') in 0.018392 seconds 
  Import took 0.021356 seconds .

========================================================================
Received Import Request.
  Time since last request: 0.000532 seconds.
  path: Assets/Bard's Tales - Peaceful Harp Music Pack LITE/OGG/3. Elven Forest City.ogg
  artifactKey: Guid(34e73365931280b42a38b427b1dfe989) Importer(815301076,1909f56bfc062723c751e8b465ee728b)
Start importing Assets/Bard's Tales - Peaceful Harp Music Pack LITE/OGG/3. Elven Forest City.ogg using Guid(34e73365931280b42a38b427b1dfe989) Importer(815301076,1909f56bfc062723c751e8b465ee728b)  -> (artifact id: '79784fa4e0a49513e86989534ba37ce6') in 0.014606 seconds 
  Import took 0.017319 seconds .

========================================================================
Received Import Request.
  Time since last request: 23.773461 seconds.
  path: Assets/Nature - Essentials/Ambiance_Cave_Dark_Loop_Stereo.wav
  artifactKey: Guid(a53819cc521b1f24689b00c663d8fbb4) Importer(815301076,1909f56bfc062723c751e8b465ee728b)
Start importing Assets/Nature - Essentials/Ambiance_Cave_Dark_Loop_Stereo.wav using Guid(a53819cc521b1f24689b00c663d8fbb4) Importer(815301076,1909f56bfc062723c751e8b465ee728b)  -> (artifact id: '407ffb13e6534181552d33ca7f127583') in 0.012073 seconds 
  Import took 0.015503 seconds .

========================================================================
Received Import Request.
  Time since last request: 0.000642 seconds.
  path: Assets/Nature - Essentials/Ambiance_Sea_Loop_Stereo.wav
  artifactKey: Guid(054205af35efcb942be9610445479a7c) Importer(815301076,1909f56bfc062723c751e8b465ee728b)
Start importing Assets/Nature - Essentials/Ambiance_Sea_Loop_Stereo.wav using Guid(054205af35efcb942be9610445479a7c) Importer(815301076,1909f56bfc062723c751e8b465ee728b)  -> (artifact id: '1791d5a1eaaf8203729d97061eb5c930') in 0.009688 seconds 
  Import took 0.012592 seconds .

========================================================================
Received Import Request.
  Time since last request: 0.000460 seconds.
  path: Assets/Nature - Essentials/Ambiance_Firecamp_Medium_Loop_Mono.wav
  artifactKey: Guid(48d8dfeb1b8ad4b4b9887c22097a0f90) Importer(815301076,1909f56bfc062723c751e8b465ee728b)
Start importing Assets/Nature - Essentials/Ambiance_Firecamp_Medium_Loop_Mono.wav using Guid(48d8dfeb1b8ad4b4b9887c22097a0f90) Importer(815301076,1909f56bfc062723c751e8b465ee728b)  -> (artifact id: 'c6379aef6fac36280064b43ee8a4396e') in 0.010429 seconds 
  Import took 0.012347 seconds .

========================================================================
Received Import Request.
  Time since last request: 0.000439 seconds.
  path: Assets/Nature - Essentials/Ambiance_Cave_Deep_Loop_Stereo.wav
  artifactKey: Guid(c080a43439910fd4187301b9c4a240d1) Importer(815301076,1909f56bfc062723c751e8b465ee728b)
Start importing Assets/Nature - Essentials/Ambiance_Cave_Deep_Loop_Stereo.wav using Guid(c080a43439910fd4187301b9c4a240d1) Importer(815301076,1909f56bfc062723c751e8b465ee728b)  -> (artifact id: '11324dbf1e59f2925024b912bf120e28') in 0.017256 seconds 
  Import took 0.019961 seconds .

========================================================================
Received Import Request.
  Time since last request: 0.000473 seconds.
  path: Assets/Nature - Essentials/Ambiance_Firecamp_Small_Loop_Mono.wav
  artifactKey: Guid(1449136fb3eb5994897ffc4ab9f47de4) Importer(815301076,1909f56bfc062723c751e8b465ee728b)
Start importing Assets/Nature - Essentials/Ambiance_Firecamp_Small_Loop_Mono.wav using Guid(1449136fb3eb5994897ffc4ab9f47de4) Importer(815301076,1909f56bfc062723c751e8b465ee728b)  -> (artifact id: 'c541a9e745c419fb89bbd1036b96123f') in 0.022938 seconds 
  Import took 0.026215 seconds .

========================================================================
Received Import Request.
  Time since last request: 0.000665 seconds.
  path: Assets/Nature - Essentials/Ambiance_Forest_Birds_Loop_Stereo.wav
  artifactKey: Guid(bec1cfb465efc7a41bd5ccbac5b6f2a2) Importer(815301076,1909f56bfc062723c751e8b465ee728b)
Start importing Assets/Nature - Essentials/Ambiance_Forest_Birds_Loop_Stereo.wav using Guid(bec1cfb465efc7a41bd5ccbac5b6f2a2) Importer(815301076,1909f56bfc062723c751e8b465ee728b)  -> (artifact id: '14a9dbea707d304bbd09fd6fca301e27') in 0.017293 seconds 
  Import took 0.020050 seconds .

========================================================================
Received Import Request.
  Time since last request: 0.000540 seconds.
  path: Assets/Nature - Essentials/Ambiance_Rain_Calm_Loop_Stereo.wav
  artifactKey: Guid(d6cb6466a567b4e47a2f8ae99e882edc) Importer(815301076,1909f56bfc062723c751e8b465ee728b)
Start importing Assets/Nature - Essentials/Ambiance_Rain_Calm_Loop_Stereo.wav using Guid(d6cb6466a567b4e47a2f8ae99e882edc) Importer(815301076,1909f56bfc062723c751e8b465ee728b)  -> (artifact id: '1a4c36e51398a81694a50f1fc89f2d2f') in 0.013694 seconds 
  Import took 0.017669 seconds .

========================================================================
Received Import Request.
  Time since last request: 0.000496 seconds.
  path: Assets/Nature - Essentials/Ambiance_Rain_Strong_Loop_Stereo.wav
  artifactKey: Guid(3a9e52985b9e3c54c9979718b76095ac) Importer(815301076,1909f56bfc062723c751e8b465ee728b)
Start importing Assets/Nature - Essentials/Ambiance_Rain_Strong_Loop_Stereo.wav using Guid(3a9e52985b9e3c54c9979718b76095ac) Importer(815301076,1909f56bfc062723c751e8b465ee728b)  -> (artifact id: '31e47c17878463355c7e44edd4feb406') in 0.013241 seconds 
  Import took 0.016859 seconds .

========================================================================
Received Import Request.
  Time since last request: 0.000958 seconds.
  path: Assets/Nature - Essentials/Ambiance_Stream_Calm_Loop_Stereo.wav
  artifactKey: Guid(f65f946ad6131674cb9a2a10c5ea326f) Importer(815301076,1909f56bfc062723c751e8b465ee728b)
Start importing Assets/Nature - Essentials/Ambiance_Stream_Calm_Loop_Stereo.wav using Guid(f65f946ad6131674cb9a2a10c5ea326f) Importer(815301076,1909f56bfc062723c751e8b465ee728b)  -> (artifact id: 'aa738901dc131afa03d8e1c264446458') in 0.016671 seconds 
  Import took 0.019850 seconds .

========================================================================
Received Import Request.
  Time since last request: 0.000332 seconds.
  path: Assets/Nature - Essentials/Ambiance_Wind_Forest_Loop_Stereo.wav
  artifactKey: Guid(749428170bd956149a4ede7c65dbb8b6) Importer(815301076,1909f56bfc062723c751e8b465ee728b)
Start importing Assets/Nature - Essentials/Ambiance_Wind_Forest_Loop_Stereo.wav using Guid(749428170bd956149a4ede7c65dbb8b6) Importer(815301076,1909f56bfc062723c751e8b465ee728b)  -> (artifact id: 'f70e8618a4fa1e6b56c2549aeb752d3f') in 0.013170 seconds 
  Import took 0.016335 seconds .

========================================================================
Received Import Request.
  Time since last request: 0.000353 seconds.
  path: Assets/Nature - Essentials/Ambiance_Cicadas_Loop_Stereo.wav
  artifactKey: Guid(2cbeb5b18dd7a4940801811781c0e0d8) Importer(815301076,1909f56bfc062723c751e8b465ee728b)
Start importing Assets/Nature - Essentials/Ambiance_Cicadas_Loop_Stereo.wav using Guid(2cbeb5b18dd7a4940801811781c0e0d8) Importer(815301076,1909f56bfc062723c751e8b465ee728b)  -> (artifact id: 'aa22125accce105a320672b165100f4d') in 0.015609 seconds 
  Import took 0.018146 seconds .

========================================================================
Received Import Request.
  Time since last request: 0.000487 seconds.
  path: Assets/Nature - Essentials/Ambiance_Night_Loop_Stereo.wav
  artifactKey: Guid(21538f6160ff48040a8488deb4ed6d5e) Importer(815301076,1909f56bfc062723c751e8b465ee728b)
Start importing Assets/Nature - Essentials/Ambiance_Night_Loop_Stereo.wav using Guid(21538f6160ff48040a8488deb4ed6d5e) Importer(815301076,1909f56bfc062723c751e8b465ee728b)  -> (artifact id: '9ededd7967eb7faf1bdd183c0a85ec78') in 0.015493 seconds 
  Import took 0.018599 seconds .

========================================================================
Received Import Request.
  Time since last request: 0.001174 seconds.
  path: Assets/Nature - Essentials/Ambiance_Wind_Calm_Loop_Stereo.wav
  artifactKey: Guid(660790bb19a97eb4581a05d90c81f369) Importer(815301076,1909f56bfc062723c751e8b465ee728b)
Start importing Assets/Nature - Essentials/Ambiance_Wind_Calm_Loop_Stereo.wav using Guid(660790bb19a97eb4581a05d90c81f369) Importer(815301076,1909f56bfc062723c751e8b465ee728b)  -> (artifact id: '4a0ad0726989c17f138cfb41a3a455bd') in 0.024764 seconds 
  Import took 0.027341 seconds .

========================================================================
Received Import Request.
  Time since last request: 0.000465 seconds.
  path: Assets/Nature - Essentials/Ambiance_Waterfall_Strong_Loop_Stereo.wav
  artifactKey: Guid(7f35ba25541794f4d9de8c28ac29997c) Importer(815301076,1909f56bfc062723c751e8b465ee728b)
Start importing Assets/Nature - Essentials/Ambiance_Waterfall_Strong_Loop_Stereo.wav using Guid(7f35ba25541794f4d9de8c28ac29997c) Importer(815301076,1909f56bfc062723c751e8b465ee728b)  -> (artifact id: '8ccee0124bdcd0d759bcd8eb8e146db5') in 0.015123 seconds 
  Import took 0.017608 seconds .

========================================================================
Received Import Request.
  Time since last request: 0.000373 seconds.
  path: Assets/Nature - Essentials/Ambiance_Waterfall_Calm_Loop_Stereo.wav
  artifactKey: Guid(7f181137932d3ea438ecb273d674496a) Importer(815301076,1909f56bfc062723c751e8b465ee728b)
Start importing Assets/Nature - Essentials/Ambiance_Waterfall_Calm_Loop_Stereo.wav using Guid(7f181137932d3ea438ecb273d674496a) Importer(815301076,1909f56bfc062723c751e8b465ee728b)  -> (artifact id: '131fe2e8e3b7e34de5f2be76adc18621') in 0.013337 seconds 
  Import took 0.016016 seconds .

========================================================================
Received Import Request.
  Time since last request: 0.000331 seconds.
  path: Assets/Nature - Essentials/Ambiance_River_Moderate_Loop_Stereo.wav
  artifactKey: Guid(8955ef71b3f090d45adb1918c64f99b7) Importer(815301076,1909f56bfc062723c751e8b465ee728b)
Start importing Assets/Nature - Essentials/Ambiance_River_Moderate_Loop_Stereo.wav using Guid(8955ef71b3f090d45adb1918c64f99b7) Importer(815301076,1909f56bfc062723c751e8b465ee728b)  -> (artifact id: '2c8e7285afb9a20f9e6fedd366dc2410') in 0.014163 seconds 
  Import took 0.017747 seconds .

========================================================================
Received Import Request.
  Time since last request: 0.000473 seconds.
  path: Assets/Nature - Essentials/Ambiance_Fire_Big_Loop_Mono.wav
  artifactKey: Guid(079df0609381f5b4c85e2041ab773adf) Importer(815301076,1909f56bfc062723c751e8b465ee728b)
Start importing Assets/Nature - Essentials/Ambiance_Fire_Big_Loop_Mono.wav using Guid(079df0609381f5b4c85e2041ab773adf) Importer(815301076,1909f56bfc062723c751e8b465ee728b)  -> (artifact id: '7248f8161d2e40cb1762e2f6fc1507e0') in 0.015826 seconds 
  Import took 0.018079 seconds .

========================================================================
Received Import Request.
  Time since last request: 0.000463 seconds.
  path: Assets/Nature - Essentials/Ambiance_Cave_Drips_Loop_Stereo.wav
  artifactKey: Guid(d67b2d45ec91a914ca57d7b62d7f2a9a) Importer(815301076,1909f56bfc062723c751e8b465ee728b)
Start importing Assets/Nature - Essentials/Ambiance_Cave_Drips_Loop_Stereo.wav using Guid(d67b2d45ec91a914ca57d7b62d7f2a9a) Importer(815301076,1909f56bfc062723c751e8b465ee728b)  -> (artifact id: '4c7e59654e0e4a9720f43d103a34173c') in 0.024513 seconds 
  Import took 0.027384 seconds .

========================================================================
Received Prepare
Registering precompiled user dll's ...
Registered in 0.003165 seconds.
Begin MonoManager ReloadAssembly
Native extension for WindowsStandalone target not found
Native extension for WebGL target not found
Refreshing native plugins compatible for Editor in 0.39 ms, found 2 plugins.
Preloading 0 native plugins for Editor in 0.00 ms.
Mono: successfully reloaded assembly
- Completed reload, in  0.838 seconds
Domain Reload Profiling:
	ReloadAssembly (839ms)
		BeginReloadAssembly (90ms)
			ExecutionOrderSort (0ms)
			DisableScriptedObjects (3ms)
			BackupInstance (0ms)
			ReleaseScriptingObjects (0ms)
			CreateAndSetChildDomain (28ms)
		EndReloadAssembly (702ms)
			LoadAssemblies (65ms)
			RebuildTransferFunctionScriptingTraits (0ms)
			SetupTypeCache (247ms)
			ReleaseScriptCaches (1ms)
			RebuildScriptCaches (30ms)
			SetupLoadedEditorAssemblies (279ms)
				LogAssemblyErrors (0ms)
				InitializePlatformSupportModulesInManaged (4ms)
				SetLoadedEditorAssemblies (0ms)
				RefreshPlugins (0ms)
				BeforeProcessingInitializeOnLoad (76ms)
				ProcessInitializeOnLoadAttributes (181ms)
				ProcessInitializeOnLoadMethodAttributes (9ms)
				AfterProcessingInitializeOnLoad (7ms)
				EditorAssembliesLoaded (0ms)
			ExecutionOrderSort2 (0ms)
			AwakeInstancesAfterBackupRestoration (9ms)
Platform modules already initialized, skipping
Refreshing native plugins compatible for Editor in 0.33 ms, found 2 plugins.
Preloading 0 native plugins for Editor in 0.00 ms.
Unloading 1514 Unused Serialized files (Serialized files now loaded: 0)
System memory in use before: 72.8 MB.
System memory in use after: 72.9 MB.

Unloading 11 unused Assets to reduce memory usage. Loaded Objects now: 2004.
Total: 4.030000 ms (FindLiveObjects: 0.158700 ms CreateObjectMapping: 0.087700 ms MarkObjects: 2.988600 ms  DeleteObjects: 0.793500 ms)

AssetImportParameters requested are different than current active one (requested -> active):
  custom:framework-win-MediaFoundation: 216162199b28c13a410421893ffa2e32 -> 
  custom:video-decoder-ogg-theora: a1e56fd34408186e4bbccfd4996cb3dc -> 
  custom:container-muxer-webm: aa71ff27fc2769a1b78a27578f13a17b -> 
  custom:container-demuxer-webm: 4f35f7cbe854078d1ac9338744f61a02 -> 
  custom:container-demuxer-ogg: 62fdf1f143b41e24485cea50d1cbac27 -> 
  custom:video-encoder-webm-vp8: eb34c28f22e8b96e1ab97ce403110664 -> 
  custom:video-codec-MediaFoundation-h265: 746d11721c4dcdbdad8f713fa42b33f4 -> 
  custom:video-decoder-webm-vp8: 9c59270c3fd7afecdb556c50c9e8de78 -> 
  custom:audio-decoder-ogg-vorbis: bf7c407c2cedff20999df2af8eb42d56 -> 
  custom:audio-encoder-webm-vorbis: bf7c407c2cedff20999df2af8eb42d56 -> 
========================================================================
Received Import Request.
  Time since last request: 308.957344 seconds.
  path: Assets/Scifi Guns SFX Pack
  artifactKey: Guid(39c1cc1079307fe4ca03d315540ce5b3) Importer(815301076,1909f56bfc062723c751e8b465ee728b)
Start importing Assets/Scifi Guns SFX Pack using Guid(39c1cc1079307fe4ca03d315540ce5b3) Importer(815301076,1909f56bfc062723c751e8b465ee728b)  -> (artifact id: 'e85de3d5d10e47a62feb4d62e2947f8e') in 0.008879 seconds 
  Import took 0.011743 seconds .

========================================================================
Received Import Request.
  Time since last request: 1.429825 seconds.
  path: Assets/Scifi Guns SFX Pack/Gun1.wav
  artifactKey: Guid(a28f97506cbe82d479cd46f40fa6efe0) Importer(815301076,1909f56bfc062723c751e8b465ee728b)
Start importing Assets/Scifi Guns SFX Pack/Gun1.wav using Guid(a28f97506cbe82d479cd46f40fa6efe0) Importer(815301076,1909f56bfc062723c751e8b465ee728b)  -> (artifact id: '167043284a95aea603b316abfc550df8') in 0.044003 seconds 
  Import took 0.046881 seconds .

========================================================================
Received Import Request.
  Time since last request: 0.000488 seconds.
  path: Assets/Scifi Guns SFX Pack/Gun2_1.wav
  artifactKey: Guid(92d35fe1c59bbd14eaee9e3d3b54cea7) Importer(815301076,1909f56bfc062723c751e8b465ee728b)
Start importing Assets/Scifi Guns SFX Pack/Gun2_1.wav using Guid(92d35fe1c59bbd14eaee9e3d3b54cea7) Importer(815301076,1909f56bfc062723c751e8b465ee728b)  -> (artifact id: '2ab3d0ed3151d04c5d1b3a6e5c359d43') in 0.019294 seconds 
  Import took 0.022274 seconds .

========================================================================
Received Import Request.
  Time since last request: 0.000344 seconds.
  path: Assets/Scifi Guns SFX Pack/Gun1_Load.wav
  artifactKey: Guid(6a32a0d49cd240b4cb9934adf37a49a5) Importer(815301076,1909f56bfc062723c751e8b465ee728b)
Start importing Assets/Scifi Guns SFX Pack/Gun1_Load.wav using Guid(6a32a0d49cd240b4cb9934adf37a49a5) Importer(815301076,1909f56bfc062723c751e8b465ee728b)  -> (artifact id: '20cde605516a44e0d82c334477643357') in 0.018402 seconds 
  Import took 0.021811 seconds .

========================================================================
Received Import Request.
  Time since last request: 0.000487 seconds.
  path: Assets/Scifi Guns SFX Pack/Gun5_4.wav
  artifactKey: Guid(25d8a6b3073dcbf40b0133fdbfeb55ce) Importer(815301076,1909f56bfc062723c751e8b465ee728b)
Start importing Assets/Scifi Guns SFX Pack/Gun5_4.wav using Guid(25d8a6b3073dcbf40b0133fdbfeb55ce) Importer(815301076,1909f56bfc062723c751e8b465ee728b)  -> (artifact id: 'c045593b295ff863812b288253c5de49') in 0.016427 seconds 
  Import took 0.019113 seconds .

========================================================================
Received Import Request.
  Time since last request: 0.000456 seconds.
  path: Assets/Scifi Guns SFX Pack/Gun4_load.wav
  artifactKey: Guid(1e01a3eff9609af4a91cea332a46838e) Importer(815301076,1909f56bfc062723c751e8b465ee728b)
Start importing Assets/Scifi Guns SFX Pack/Gun4_load.wav using Guid(1e01a3eff9609af4a91cea332a46838e) Importer(815301076,1909f56bfc062723c751e8b465ee728b)  -> (artifact id: '0c906651143ec20020cb33c0d1232701') in 0.017672 seconds 
  Import took 0.020970 seconds .

========================================================================
Received Import Request.
  Time since last request: 0.000934 seconds.
  path: Assets/Scifi Guns SFX Pack/Gun3_4.wav
  artifactKey: Guid(7e950513b9c6d734e8130770598861f3) Importer(815301076,1909f56bfc062723c751e8b465ee728b)
Start importing Assets/Scifi Guns SFX Pack/Gun3_4.wav using Guid(7e950513b9c6d734e8130770598861f3) Importer(815301076,1909f56bfc062723c751e8b465ee728b)  -> (artifact id: '5acef78868dc0429419457bffeb5b67c') in 0.015394 seconds 
  Import took 0.018697 seconds .

========================================================================
Received Import Request.
  Time since last request: 0.000461 seconds.
  path: Assets/Scifi Guns SFX Pack/Gun1_1.wav
  artifactKey: Guid(08f78eba48bb21c44ac5a74ca84efc83) Importer(815301076,1909f56bfc062723c751e8b465ee728b)
Start importing Assets/Scifi Guns SFX Pack/Gun1_1.wav using Guid(08f78eba48bb21c44ac5a74ca84efc83) Importer(815301076,1909f56bfc062723c751e8b465ee728b)  -> (artifact id: 'c6c369de36c5cf43e5801905999b5d58') in 0.016917 seconds 
  Import took 0.019717 seconds .

========================================================================
Received Import Request.
  Time since last request: 0.000384 seconds.
  path: Assets/Scifi Guns SFX Pack/Gun4.wav
  artifactKey: Guid(ce481c9d63517a144b80f3453355b531) Importer(815301076,1909f56bfc062723c751e8b465ee728b)
Start importing Assets/Scifi Guns SFX Pack/Gun4.wav using Guid(ce481c9d63517a144b80f3453355b531) Importer(815301076,1909f56bfc062723c751e8b465ee728b)  -> (artifact id: '0ad839c083946188f063e62d5afe4ff1') in 0.016598 seconds 
  Import took 0.019033 seconds .

========================================================================
Received Import Request.
  Time since last request: 0.000587 seconds.
  path: Assets/Scifi Guns SFX Pack/Gun2.wav
  artifactKey: Guid(db25ee1f2a6c3b34daaf79f8eb52fbab) Importer(815301076,1909f56bfc062723c751e8b465ee728b)
Start importing Assets/Scifi Guns SFX Pack/Gun2.wav using Guid(db25ee1f2a6c3b34daaf79f8eb52fbab) Importer(815301076,1909f56bfc062723c751e8b465ee728b)  -> (artifact id: '497fb64cf9e7ee2b772fba0fc3acb5c7') in 0.019640 seconds 
  Import took 0.022686 seconds .

========================================================================
Received Import Request.
  Time since last request: 0.000330 seconds.
  path: Assets/Scifi Guns SFX Pack/Gun2_2.wav
  artifactKey: Guid(5207b2a445fcb144281ab5395fe95c1d) Importer(815301076,1909f56bfc062723c751e8b465ee728b)
Start importing Assets/Scifi Guns SFX Pack/Gun2_2.wav using Guid(5207b2a445fcb144281ab5395fe95c1d) Importer(815301076,1909f56bfc062723c751e8b465ee728b)  -> (artifact id: 'c20e51b76dbf238b2f5db7103de3576c') in 0.016924 seconds 
  Import took 0.020678 seconds .

========================================================================
Received Import Request.
  Time since last request: 0.000617 seconds.
  path: Assets/Scifi Guns SFX Pack/Gun2_load.wav
  artifactKey: Guid(2868e580baee45d449931dc35a5ace81) Importer(815301076,1909f56bfc062723c751e8b465ee728b)
Start importing Assets/Scifi Guns SFX Pack/Gun2_load.wav using Guid(2868e580baee45d449931dc35a5ace81) Importer(815301076,1909f56bfc062723c751e8b465ee728b)  -> (artifact id: '0f7df46da298ad672dccf95945e9d208') in 0.017478 seconds 
  Import took 0.020372 seconds .

========================================================================
Received Import Request.
  Time since last request: 0.000634 seconds.
  path: Assets/Scifi Guns SFX Pack/Gun4_2.wav
  artifactKey: Guid(b9bcff787e03ea4448419527c126e177) Importer(815301076,1909f56bfc062723c751e8b465ee728b)
Start importing Assets/Scifi Guns SFX Pack/Gun4_2.wav using Guid(b9bcff787e03ea4448419527c126e177) Importer(815301076,1909f56bfc062723c751e8b465ee728b)  -> (artifact id: '78a53bea59fa9442f4a8dbb9d73d5a17') in 0.018120 seconds 
  Import took 0.021049 seconds .

========================================================================
Received Import Request.
  Time since last request: 0.000482 seconds.
  path: Assets/Scifi Guns SFX Pack/Gun4_3.wav
  artifactKey: Guid(b39ec697f76aec04fb8081c0c4f6dbae) Importer(815301076,1909f56bfc062723c751e8b465ee728b)
Start importing Assets/Scifi Guns SFX Pack/Gun4_3.wav using Guid(b39ec697f76aec04fb8081c0c4f6dbae) Importer(815301076,1909f56bfc062723c751e8b465ee728b)  -> (artifact id: 'a05264bda7fa27a5c75c31d3469d49d1') in 0.017965 seconds 
  Import took 0.021008 seconds .

========================================================================
Received Import Request.
  Time since last request: 0.000508 seconds.
  path: Assets/Scifi Guns SFX Pack/Gun3_1.wav
  artifactKey: Guid(947719fd38845824ba3638af9d8e4e54) Importer(815301076,1909f56bfc062723c751e8b465ee728b)
Start importing Assets/Scifi Guns SFX Pack/Gun3_1.wav using Guid(947719fd38845824ba3638af9d8e4e54) Importer(815301076,1909f56bfc062723c751e8b465ee728b)  -> (artifact id: 'da68a66c3fe8c3c5aca5ff8bf0183623') in 0.015998 seconds 
  Import took 0.018660 seconds .

========================================================================
Received Import Request.
  Time since last request: 0.000462 seconds.
  path: Assets/Scifi Guns SFX Pack/Gun1_2.wav
  artifactKey: Guid(3dc7b4438e9f788479f2eba0e75191b1) Importer(815301076,1909f56bfc062723c751e8b465ee728b)
Start importing Assets/Scifi Guns SFX Pack/Gun1_2.wav using Guid(3dc7b4438e9f788479f2eba0e75191b1) Importer(815301076,1909f56bfc062723c751e8b465ee728b)  -> (artifact id: '966e5112010dfcf07c7187e84a2ef4b1') in 0.015439 seconds 
  Import took 0.018510 seconds .

========================================================================
Received Import Request.
  Time since last request: 0.000560 seconds.
  path: Assets/Scifi Guns SFX Pack/Gun3_3.wav
  artifactKey: Guid(97b5820b1e079ab4bbbe90e89bd4db5d) Importer(815301076,1909f56bfc062723c751e8b465ee728b)
Start importing Assets/Scifi Guns SFX Pack/Gun3_3.wav using Guid(97b5820b1e079ab4bbbe90e89bd4db5d) Importer(815301076,1909f56bfc062723c751e8b465ee728b)  -> (artifact id: 'b19ce0cae7ce7e6880d6f985895b4310') in 0.017382 seconds 
  Import took 0.020119 seconds .

========================================================================
Received Import Request.
  Time since last request: 0.000316 seconds.
  path: Assets/Scifi Guns SFX Pack/Gun5_1.wav
  artifactKey: Guid(929fd214252d7034d93c9463bf63e091) Importer(815301076,1909f56bfc062723c751e8b465ee728b)
Start importing Assets/Scifi Guns SFX Pack/Gun5_1.wav using Guid(929fd214252d7034d93c9463bf63e091) Importer(815301076,1909f56bfc062723c751e8b465ee728b)  -> (artifact id: 'f0227f03d9a4c732060784f145548360') in 0.019068 seconds 
  Import took 0.022145 seconds .

========================================================================
Received Import Request.
  Time since last request: 0.000316 seconds.
  path: Assets/Scifi Guns SFX Pack/Gun3_load.wav
  artifactKey: Guid(8f268095f67575b44b10ea19a4482b2c) Importer(815301076,1909f56bfc062723c751e8b465ee728b)
Start importing Assets/Scifi Guns SFX Pack/Gun3_load.wav using Guid(8f268095f67575b44b10ea19a4482b2c) Importer(815301076,1909f56bfc062723c751e8b465ee728b)  -> (artifact id: '7a5125bde933f9d575c625cc55121dd1') in 0.016456 seconds 
  Import took 0.019353 seconds .

========================================================================
Received Import Request.
  Time since last request: 0.000280 seconds.
  path: Assets/Scifi Guns SFX Pack/Gun5_Load.wav
  artifactKey: Guid(0eb673dc31e22fd4a8f158be386c8053) Importer(815301076,1909f56bfc062723c751e8b465ee728b)
Start importing Assets/Scifi Guns SFX Pack/Gun5_Load.wav using Guid(0eb673dc31e22fd4a8f158be386c8053) Importer(815301076,1909f56bfc062723c751e8b465ee728b)  -> (artifact id: '751366dfec21dafed56d724a01795589') in 0.013746 seconds 
  Import took 0.016454 seconds .

========================================================================
Received Import Request.
  Time since last request: 0.000306 seconds.
  path: Assets/Scifi Guns SFX Pack/Gun1_3.wav
  artifactKey: Guid(e196615aab553a14ab4e1aeb462c195c) Importer(815301076,1909f56bfc062723c751e8b465ee728b)
Start importing Assets/Scifi Guns SFX Pack/Gun1_3.wav using Guid(e196615aab553a14ab4e1aeb462c195c) Importer(815301076,1909f56bfc062723c751e8b465ee728b)  -> (artifact id: '4d92538b6a2fcd444ccd98638c4e2de3') in 0.013853 seconds 
  Import took 0.017854 seconds .

========================================================================
Received Import Request.
  Time since last request: 0.000263 seconds.
  path: Assets/Scifi Guns SFX Pack/Gun3.wav
  artifactKey: Guid(9db176e1ad4d89647a0bbcbd8b28693b) Importer(815301076,1909f56bfc062723c751e8b465ee728b)
Start importing Assets/Scifi Guns SFX Pack/Gun3.wav using Guid(9db176e1ad4d89647a0bbcbd8b28693b) Importer(815301076,1909f56bfc062723c751e8b465ee728b)  -> (artifact id: '3b35a2ae2985e824492093a5980b27da') in 0.012194 seconds 
  Import took 0.016142 seconds .

========================================================================
Received Import Request.
  Time since last request: 0.000425 seconds.
  path: Assets/Scifi Guns SFX Pack/Gun2_3.wav
  artifactKey: Guid(1e940d15337ad1e43b0cc1b2430d7c06) Importer(815301076,1909f56bfc062723c751e8b465ee728b)
Start importing Assets/Scifi Guns SFX Pack/Gun2_3.wav using Guid(1e940d15337ad1e43b0cc1b2430d7c06) Importer(815301076,1909f56bfc062723c751e8b465ee728b)  -> (artifact id: 'f6686986b5af319ff32e44a75798788f') in 0.015797 seconds 
  Import took 0.019660 seconds .

========================================================================
Received Import Request.
  Time since last request: 0.000343 seconds.
  path: Assets/Scifi Guns SFX Pack/Gun5.wav
  artifactKey: Guid(ade03cc41862efe45a14c4802b87b026) Importer(815301076,1909f56bfc062723c751e8b465ee728b)
Start importing Assets/Scifi Guns SFX Pack/Gun5.wav using Guid(ade03cc41862efe45a14c4802b87b026) Importer(815301076,1909f56bfc062723c751e8b465ee728b)  -> (artifact id: 'bed7566db588adeecc25a6fd32b0f788') in 0.015041 seconds 
  Import took 0.017551 seconds .

========================================================================
Received Import Request.
  Time since last request: 0.000325 seconds.
  path: Assets/Scifi Guns SFX Pack/Gun5_3.wav
  artifactKey: Guid(e87fb2e782bcac14d82191fa02c2c841) Importer(815301076,1909f56bfc062723c751e8b465ee728b)
Start importing Assets/Scifi Guns SFX Pack/Gun5_3.wav using Guid(e87fb2e782bcac14d82191fa02c2c841) Importer(815301076,1909f56bfc062723c751e8b465ee728b)  -> (artifact id: '83480c675721d49c688153960299d4e1') in 0.015988 seconds 
  Import took 0.019278 seconds .

========================================================================
Received Import Request.
  Time since last request: 0.000353 seconds.
  path: Assets/Scifi Guns SFX Pack/Gun1_4.wav
  artifactKey: Guid(159aa6b3153429349b06479ba4bcb8fc) Importer(815301076,1909f56bfc062723c751e8b465ee728b)
Start importing Assets/Scifi Guns SFX Pack/Gun1_4.wav using Guid(159aa6b3153429349b06479ba4bcb8fc) Importer(815301076,1909f56bfc062723c751e8b465ee728b)  -> (artifact id: '6e7fde3b75681da2c7c630fa92c9f83f') in 0.014745 seconds 
  Import took 0.016917 seconds .

========================================================================
Received Import Request.
  Time since last request: 0.000411 seconds.
  path: Assets/Scifi Guns SFX Pack/Gun3_2.wav
  artifactKey: Guid(ee4ef2f8f89f0834d8c92266456d0922) Importer(815301076,1909f56bfc062723c751e8b465ee728b)
Start importing Assets/Scifi Guns SFX Pack/Gun3_2.wav using Guid(ee4ef2f8f89f0834d8c92266456d0922) Importer(815301076,1909f56bfc062723c751e8b465ee728b)  -> (artifact id: 'e829b7b8a01a76e3728ffcfb54654318') in 0.015755 seconds 
  Import took 0.018512 seconds .

========================================================================
Received Import Request.
  Time since last request: 0.000475 seconds.
  path: Assets/Scifi Guns SFX Pack/Gun2_4.wav
  artifactKey: Guid(70c97e425596b8142b7b9163256c0868) Importer(815301076,1909f56bfc062723c751e8b465ee728b)
Start importing Assets/Scifi Guns SFX Pack/Gun2_4.wav using Guid(70c97e425596b8142b7b9163256c0868) Importer(815301076,1909f56bfc062723c751e8b465ee728b)  -> (artifact id: 'db70b7ee2b79dfad8499773668d45f6d') in 0.019120 seconds 
  Import took 0.022868 seconds .

========================================================================
Received Import Request.
  Time since last request: 0.000491 seconds.
  path: Assets/Scifi Guns SFX Pack/Gun4_1.wav
  artifactKey: Guid(7b889162724f05c4f95da46adbd50ef7) Importer(815301076,1909f56bfc062723c751e8b465ee728b)
Start importing Assets/Scifi Guns SFX Pack/Gun4_1.wav using Guid(7b889162724f05c4f95da46adbd50ef7) Importer(815301076,1909f56bfc062723c751e8b465ee728b)  -> (artifact id: 'b039af74ce974de995025d2772fd9be7') in 0.013248 seconds 
  Import took 0.015308 seconds .

========================================================================
Received Import Request.
  Time since last request: 0.000509 seconds.
  path: Assets/Scifi Guns SFX Pack/Gun4_4.wav
  artifactKey: Guid(6c641842185384646b603322cc7e7559) Importer(815301076,1909f56bfc062723c751e8b465ee728b)
Start importing Assets/Scifi Guns SFX Pack/Gun4_4.wav using Guid(6c641842185384646b603322cc7e7559) Importer(815301076,1909f56bfc062723c751e8b465ee728b)  -> (artifact id: '2903bb21a9cbae391a5ca2ceee5b0223') in 0.016082 seconds 
  Import took 0.019206 seconds .

========================================================================
Received Import Request.
  Time since last request: 0.000397 seconds.
  path: Assets/Scifi Guns SFX Pack/Gun5_2.wav
  artifactKey: Guid(73b0e478c9b0c4242bc3c687a6869e81) Importer(815301076,1909f56bfc062723c751e8b465ee728b)
Start importing Assets/Scifi Guns SFX Pack/Gun5_2.wav using Guid(73b0e478c9b0c4242bc3c687a6869e81) Importer(815301076,1909f56bfc062723c751e8b465ee728b)  -> (artifact id: '2a112d978e7b0e497481907ef0e4df85') in 0.017631 seconds 
  Import took 0.020519 seconds .

========================================================================
Received Import Request.
  Time since last request: 295.467678 seconds.
  path: Assets/Scripts
  artifactKey: Guid(3a3c62e1f2fff524a979e6049d6fc883) Importer(815301076,1909f56bfc062723c751e8b465ee728b)
Start importing Assets/Scripts using Guid(3a3c62e1f2fff524a979e6049d6fc883) Importer(815301076,1909f56bfc062723c751e8b465ee728b)  -> (artifact id: '4262fa42b38aa5f5566e969edb750c7b') in 0.003795 seconds 
  Import took 0.008722 seconds .

========================================================================
Received Import Request.
  Time since last request: 0.000554 seconds.
  path: Assets/Scripts/PlayerScore.asset
  artifactKey: Guid(48c530055ee833c4f84e79e19b5f3438) Importer(815301076,1909f56bfc062723c751e8b465ee728b)
Start importing Assets/Scripts/PlayerScore.asset using Guid(48c530055ee833c4f84e79e19b5f3438) Importer(815301076,1909f56bfc062723c751e8b465ee728b)  -> (artifact id: 'e45da873a4032e8b60a34a4f53a27d20') in 0.008660 seconds 
  Import took 0.011788 seconds .

========================================================================
Received Import Request.
  Time since last request: 3.169047 seconds.
  path: Assets/Scripts/Level 1
  artifactKey: Guid(65aeedc57918af84ab8b9390bc539b3a) Importer(815301076,1909f56bfc062723c751e8b465ee728b)
Start importing Assets/Scripts/Level 1 using Guid(65aeedc57918af84ab8b9390bc539b3a) Importer(815301076,1909f56bfc062723c751e8b465ee728b)  -> (artifact id: '13242f30c6438ce1ddc05fefee0b069f') in 0.004193 seconds 
  Import took 0.006722 seconds .

========================================================================
Received Import Request.
  Time since last request: 1.008229 seconds.
  path: Assets/Scripts/Level 1/Bird
  artifactKey: Guid(672c532ba11551c4b8d04da7862c7273) Importer(815301076,1909f56bfc062723c751e8b465ee728b)
Start importing Assets/Scripts/Level 1/Bird using Guid(672c532ba11551c4b8d04da7862c7273) Importer(815301076,1909f56bfc062723c751e8b465ee728b)  -> (artifact id: '3918e7ce2b367914ea2b9038aeeb0bee') in 0.003739 seconds 
  Import took 0.007854 seconds .

========================================================================
Received Import Request.
  Time since last request: 2.748274 seconds.
  path: Assets/Scripts/Level 1/Bird/Danger
  artifactKey: Guid(76c57beaf52f51947a0b0c6e00249855) Importer(815301076,1909f56bfc062723c751e8b465ee728b)
Start importing Assets/Scripts/Level 1/Bird/Danger using Guid(76c57beaf52f51947a0b0c6e00249855) Importer(815301076,1909f56bfc062723c751e8b465ee728b)  -> (artifact id: '6d64e835fe18753f329ddb778cf80609') in 0.004667 seconds 
  Import took 0.007385 seconds .

========================================================================
Received Import Request.
  Time since last request: 3.431422 seconds.
  path: Assets/Scripts/Level 1/Bird/Danger/DestroClickD.cs
  artifactKey: Guid(d1ddc761974d4b34ba23a85bf36622e6) Importer(815301076,1909f56bfc062723c751e8b465ee728b)
Start importing Assets/Scripts/Level 1/Bird/Danger/DestroClickD.cs using Guid(d1ddc761974d4b34ba23a85bf36622e6) Importer(815301076,1909f56bfc062723c751e8b465ee728b)  -> (artifact id: '64a533cd897dffa87da567f123efb0a5') in 0.009453 seconds 
  Import took 0.012471 seconds .

========================================================================
Received Import Request.
  Time since last request: 9.176544 seconds.
  path: Assets/Scripts/Level 1/Bird/Danger/DestroyedD.cs
  artifactKey: Guid(2aba5280158a80948b3e64c7cf8c2ff7) Importer(815301076,1909f56bfc062723c751e8b465ee728b)
Start importing Assets/Scripts/Level 1/Bird/Danger/DestroyedD.cs using Guid(2aba5280158a80948b3e64c7cf8c2ff7) Importer(815301076,1909f56bfc062723c751e8b465ee728b)  -> (artifact id: '2ce8555259a5c7262832888d7becf09d') in 0.003626 seconds 
  Import took 0.006982 seconds .

========================================================================
Received Prepare
Registering precompiled user dll's ...
Registered in 0.003250 seconds.
Begin MonoManager ReloadAssembly
Native extension for WindowsStandalone target not found
Native extension for WebGL target not found
Refreshing native plugins compatible for Editor in 0.27 ms, found 2 plugins.
Preloading 0 native plugins for Editor in 0.00 ms.
Mono: successfully reloaded assembly
- Completed reload, in  0.776 seconds
Domain Reload Profiling:
	ReloadAssembly (777ms)
		BeginReloadAssembly (116ms)
			ExecutionOrderSort (0ms)
			DisableScriptedObjects (4ms)
			BackupInstance (0ms)
			ReleaseScriptingObjects (0ms)
			CreateAndSetChildDomain (34ms)
		EndReloadAssembly (602ms)
			LoadAssemblies (86ms)
			RebuildTransferFunctionScriptingTraits (0ms)
			SetupTypeCache (222ms)
			ReleaseScriptCaches (1ms)
			RebuildScriptCaches (27ms)
			SetupLoadedEditorAssemblies (217ms)
				LogAssemblyErrors (0ms)
				InitializePlatformSupportModulesInManaged (4ms)
				SetLoadedEditorAssemblies (0ms)
				RefreshPlugins (0ms)
				BeforeProcessingInitializeOnLoad (63ms)
				ProcessInitializeOnLoadAttributes (140ms)
				ProcessInitializeOnLoadMethodAttributes (6ms)
				AfterProcessingInitializeOnLoad (5ms)
				EditorAssembliesLoaded (0ms)
			ExecutionOrderSort2 (0ms)
			AwakeInstancesAfterBackupRestoration (4ms)
Platform modules already initialized, skipping
Refreshing native plugins compatible for Editor in 0.26 ms, found 2 plugins.
Preloading 0 native plugins for Editor in 0.00 ms.
Unloading 1514 Unused Serialized files (Serialized files now loaded: 0)
System memory in use before: 72.9 MB.
System memory in use after: 73.0 MB.

Unloading 11 unused Assets to reduce memory usage. Loaded Objects now: 2007.
Total: 2.268400 ms (FindLiveObjects: 0.130500 ms CreateObjectMapping: 0.054700 ms MarkObjects: 2.067200 ms  DeleteObjects: 0.015300 ms)

AssetImportParameters requested are different than current active one (requested -> active):
  custom:framework-win-MediaFoundation: 216162199b28c13a410421893ffa2e32 -> 
  custom:video-decoder-ogg-theora: a1e56fd34408186e4bbccfd4996cb3dc -> 
  custom:container-muxer-webm: aa71ff27fc2769a1b78a27578f13a17b -> 
  custom:container-demuxer-webm: 4f35f7cbe854078d1ac9338744f61a02 -> 
  custom:container-demuxer-ogg: 62fdf1f143b41e24485cea50d1cbac27 -> 
  custom:video-encoder-webm-vp8: eb34c28f22e8b96e1ab97ce403110664 -> 
  custom:video-codec-MediaFoundation-h265: 746d11721c4dcdbdad8f713fa42b33f4 -> 
  custom:video-decoder-webm-vp8: 9c59270c3fd7afecdb556c50c9e8de78 -> 
  custom:audio-decoder-ogg-vorbis: bf7c407c2cedff20999df2af8eb42d56 -> 
  custom:audio-encoder-webm-vorbis: bf7c407c2cedff20999df2af8eb42d56 -> 
========================================================================
Received Import Request.
  Time since last request: 243.535392 seconds.
  path: Assets/Scripts/Level 1/Bird/Danger/DestroClickD.cs
  artifactKey: Guid(d1ddc761974d4b34ba23a85bf36622e6) Importer(815301076,1909f56bfc062723c751e8b465ee728b)
Start importing Assets/Scripts/Level 1/Bird/Danger/DestroClickD.cs using Guid(d1ddc761974d4b34ba23a85bf36622e6) Importer(815301076,1909f56bfc062723c751e8b465ee728b)  -> (artifact id: '182e10c30db81a9f8878e02483050a30') in 0.006940 seconds 
  Import took 0.009179 seconds .

========================================================================
Received Import Request.
  Time since last request: 28.868232 seconds.
  path: Assets/Scripts/Level 1/Bird/Safe
  artifactKey: Guid(4d2983c979d7519448daa652c9dfc81e) Importer(815301076,1909f56bfc062723c751e8b465ee728b)
Start importing Assets/Scripts/Level 1/Bird/Safe using Guid(4d2983c979d7519448daa652c9dfc81e) Importer(815301076,1909f56bfc062723c751e8b465ee728b)  -> (artifact id: 'ba0f19098ac68282110f2dfe08fa6d90') in 0.005729 seconds 
  Import took 0.008640 seconds .

========================================================================
Received Import Request.
  Time since last request: 1.736036 seconds.
  path: Assets/Scripts/Level 1/Bird/Safe/DestroClickS.cs
  artifactKey: Guid(2bf081a5262910e48afa7f041e7ab45a) Importer(815301076,1909f56bfc062723c751e8b465ee728b)
Start importing Assets/Scripts/Level 1/Bird/Safe/DestroClickS.cs using Guid(2bf081a5262910e48afa7f041e7ab45a) Importer(815301076,1909f56bfc062723c751e8b465ee728b)  -> (artifact id: 'c18cf4fd161c0e22d03817cf6cddc338') in 0.005205 seconds 
  Import took 0.008256 seconds .

========================================================================
Received Prepare
Registering precompiled user dll's ...
Registered in 0.003067 seconds.
Begin MonoManager ReloadAssembly
Native extension for WindowsStandalone target not found
Native extension for WebGL target not found
Refreshing native plugins compatible for Editor in 0.27 ms, found 2 plugins.
Preloading 0 native plugins for Editor in 0.00 ms.
Mono: successfully reloaded assembly
- Completed reload, in  0.731 seconds
Domain Reload Profiling:
	ReloadAssembly (732ms)
		BeginReloadAssembly (100ms)
			ExecutionOrderSort (0ms)
			DisableScriptedObjects (6ms)
			BackupInstance (0ms)
			ReleaseScriptingObjects (0ms)
			CreateAndSetChildDomain (27ms)
		EndReloadAssembly (578ms)
			LoadAssemblies (78ms)
			RebuildTransferFunctionScriptingTraits (0ms)
			SetupTypeCache (220ms)
			ReleaseScriptCaches (1ms)
			RebuildScriptCaches (27ms)
			SetupLoadedEditorAssemblies (194ms)
				LogAssemblyErrors (0ms)
				InitializePlatformSupportModulesInManaged (5ms)
				SetLoadedEditorAssemblies (0ms)
				RefreshPlugins (0ms)
				BeforeProcessingInitializeOnLoad (55ms)
				ProcessInitializeOnLoadAttributes (123ms)
				ProcessInitializeOnLoadMethodAttributes (7ms)
				AfterProcessingInitializeOnLoad (4ms)
				EditorAssembliesLoaded (0ms)
			ExecutionOrderSort2 (0ms)
			AwakeInstancesAfterBackupRestoration (4ms)
Platform modules already initialized, skipping
Refreshing native plugins compatible for Editor in 0.26 ms, found 2 plugins.
Preloading 0 native plugins for Editor in 0.00 ms.
Unloading 1514 Unused Serialized files (Serialized files now loaded: 0)
System memory in use before: 72.9 MB.
System memory in use after: 73.0 MB.

Unloading 11 unused Assets to reduce memory usage. Loaded Objects now: 2009.
Total: 1.786800 ms (FindLiveObjects: 0.114500 ms CreateObjectMapping: 0.025500 ms MarkObjects: 1.623900 ms  DeleteObjects: 0.013400 ms)

AssetImportParameters requested are different than current active one (requested -> active):
  custom:framework-win-MediaFoundation: 216162199b28c13a410421893ffa2e32 -> 
  custom:video-decoder-ogg-theora: a1e56fd34408186e4bbccfd4996cb3dc -> 
  custom:container-muxer-webm: aa71ff27fc2769a1b78a27578f13a17b -> 
  custom:container-demuxer-webm: 4f35f7cbe854078d1ac9338744f61a02 -> 
  custom:container-demuxer-ogg: 62fdf1f143b41e24485cea50d1cbac27 -> 
  custom:video-encoder-webm-vp8: eb34c28f22e8b96e1ab97ce403110664 -> 
  custom:video-codec-MediaFoundation-h265: 746d11721c4dcdbdad8f713fa42b33f4 -> 
  custom:video-decoder-webm-vp8: 9c59270c3fd7afecdb556c50c9e8de78 -> 
  custom:audio-decoder-ogg-vorbis: bf7c407c2cedff20999df2af8eb42d56 -> 
  custom:audio-encoder-webm-vorbis: bf7c407c2cedff20999df2af8eb42d56 -> 
========================================================================
Received Import Request.
  Time since last request: 106.568883 seconds.
  path: Assets/Scripts/Level 1/Bird/Safe/DestroClickS.cs
  artifactKey: Guid(2bf081a5262910e48afa7f041e7ab45a) Importer(815301076,1909f56bfc062723c751e8b465ee728b)
Start importing Assets/Scripts/Level 1/Bird/Safe/DestroClickS.cs using Guid(2bf081a5262910e48afa7f041e7ab45a) Importer(815301076,1909f56bfc062723c751e8b465ee728b)  -> (artifact id: 'b72a0e3a02f6d55ccbe2d3111de8fc28') in 0.004962 seconds 
  Import took 0.006985 seconds .

========================================================================
Received Prepare
Registering precompiled user dll's ...
Registered in 0.006101 seconds.
Begin MonoManager ReloadAssembly
Native extension for WindowsStandalone target not found
Native extension for WebGL target not found
Refreshing native plugins compatible for Editor in 0.51 ms, found 2 plugins.
Preloading 0 native plugins for Editor in 0.00 ms.
Mono: successfully reloaded assembly
- Completed reload, in  0.758 seconds
Domain Reload Profiling:
	ReloadAssembly (758ms)
		BeginReloadAssembly (86ms)
			ExecutionOrderSort (0ms)
			DisableScriptedObjects (3ms)
			BackupInstance (0ms)
			ReleaseScriptingObjects (0ms)
			CreateAndSetChildDomain (20ms)
		EndReloadAssembly (627ms)
			LoadAssemblies (67ms)
			RebuildTransferFunctionScriptingTraits (0ms)
			SetupTypeCache (213ms)
			ReleaseScriptCaches (1ms)
			RebuildScriptCaches (34ms)
			SetupLoadedEditorAssemblies (239ms)
				LogAssemblyErrors (0ms)
				InitializePlatformSupportModulesInManaged (5ms)
				SetLoadedEditorAssemblies (0ms)
				RefreshPlugins (1ms)
				BeforeProcessingInitializeOnLoad (64ms)
				ProcessInitializeOnLoadAttributes (158ms)
				ProcessInitializeOnLoadMethodAttributes (7ms)
				AfterProcessingInitializeOnLoad (4ms)
				EditorAssembliesLoaded (0ms)
			ExecutionOrderSort2 (0ms)
			AwakeInstancesAfterBackupRestoration (4ms)
Platform modules already initialized, skipping
Refreshing native plugins compatible for Editor in 0.28 ms, found 2 plugins.
Preloading 0 native plugins for Editor in 0.00 ms.
Unloading 1514 Unused Serialized files (Serialized files now loaded: 0)
System memory in use before: 72.9 MB.
System memory in use after: 73.0 MB.

Unloading 11 unused Assets to reduce memory usage. Loaded Objects now: 2011.
Total: 3.099700 ms (FindLiveObjects: 0.113800 ms CreateObjectMapping: 0.028800 ms MarkObjects: 2.909200 ms  DeleteObjects: 0.046700 ms)

AssetImportParameters requested are different than current active one (requested -> active):
  custom:framework-win-MediaFoundation: 216162199b28c13a410421893ffa2e32 -> 
  custom:video-decoder-ogg-theora: a1e56fd34408186e4bbccfd4996cb3dc -> 
  custom:container-muxer-webm: aa71ff27fc2769a1b78a27578f13a17b -> 
  custom:container-demuxer-webm: 4f35f7cbe854078d1ac9338744f61a02 -> 
  custom:container-demuxer-ogg: 62fdf1f143b41e24485cea50d1cbac27 -> 
  custom:video-encoder-webm-vp8: eb34c28f22e8b96e1ab97ce403110664 -> 
  custom:video-codec-MediaFoundation-h265: 746d11721c4dcdbdad8f713fa42b33f4 -> 
  custom:video-decoder-webm-vp8: 9c59270c3fd7afecdb556c50c9e8de78 -> 
  custom:audio-decoder-ogg-vorbis: bf7c407c2cedff20999df2af8eb42d56 -> 
  custom:audio-encoder-webm-vorbis: bf7c407c2cedff20999df2af8eb42d56 -> 
========================================================================
Received Prepare
Registering precompiled user dll's ...
Registered in 0.003662 seconds.
Begin MonoManager ReloadAssembly
Native extension for WindowsStandalone target not found
Native extension for WebGL target not found
Refreshing native plugins compatible for Editor in 0.31 ms, found 2 plugins.
Preloading 0 native plugins for Editor in 0.00 ms.
Mono: successfully reloaded assembly
- Completed reload, in  0.756 seconds
Domain Reload Profiling:
	ReloadAssembly (757ms)
		BeginReloadAssembly (92ms)
			ExecutionOrderSort (0ms)
			DisableScriptedObjects (3ms)
			BackupInstance (0ms)
			ReleaseScriptingObjects (0ms)
			CreateAndSetChildDomain (24ms)
		EndReloadAssembly (620ms)
			LoadAssemblies (67ms)
			RebuildTransferFunctionScriptingTraits (0ms)
			SetupTypeCache (196ms)
			ReleaseScriptCaches (1ms)
			RebuildScriptCaches (34ms)
			SetupLoadedEditorAssemblies (244ms)
				LogAssemblyErrors (0ms)
				InitializePlatformSupportModulesInManaged (4ms)
				SetLoadedEditorAssemblies (0ms)
				RefreshPlugins (0ms)
				BeforeProcessingInitializeOnLoad (68ms)
				ProcessInitializeOnLoadAttributes (155ms)
				ProcessInitializeOnLoadMethodAttributes (9ms)
				AfterProcessingInitializeOnLoad (6ms)
				EditorAssembliesLoaded (0ms)
			ExecutionOrderSort2 (0ms)
			AwakeInstancesAfterBackupRestoration (9ms)
Platform modules already initialized, skipping
Refreshing native plugins compatible for Editor in 0.34 ms, found 2 plugins.
Preloading 0 native plugins for Editor in 0.00 ms.
Unloading 1514 Unused Serialized files (Serialized files now loaded: 0)
System memory in use before: 72.9 MB.
System memory in use after: 73.0 MB.

Unloading 11 unused Assets to reduce memory usage. Loaded Objects now: 2013.
Total: 2.425000 ms (FindLiveObjects: 0.109300 ms CreateObjectMapping: 0.037400 ms MarkObjects: 2.267100 ms  DeleteObjects: 0.010300 ms)

AssetImportParameters requested are different than current active one (requested -> active):
  custom:framework-win-MediaFoundation: 216162199b28c13a410421893ffa2e32 -> 
  custom:video-decoder-ogg-theora: a1e56fd34408186e4bbccfd4996cb3dc -> 
  custom:container-muxer-webm: aa71ff27fc2769a1b78a27578f13a17b -> 
  custom:container-demuxer-webm: 4f35f7cbe854078d1ac9338744f61a02 -> 
  custom:container-demuxer-ogg: 62fdf1f143b41e24485cea50d1cbac27 -> 
  custom:video-encoder-webm-vp8: eb34c28f22e8b96e1ab97ce403110664 -> 
  custom:video-codec-MediaFoundation-h265: 746d11721c4dcdbdad8f713fa42b33f4 -> 
  custom:video-decoder-webm-vp8: 9c59270c3fd7afecdb556c50c9e8de78 -> 
  custom:audio-decoder-ogg-vorbis: bf7c407c2cedff20999df2af8eb42d56 -> 
  custom:audio-encoder-webm-vorbis: bf7c407c2cedff20999df2af8eb42d56 -> 
========================================================================
Received Prepare
Registering precompiled user dll's ...
Registered in 0.001998 seconds.
Begin MonoManager ReloadAssembly
Native extension for WindowsStandalone target not found
Native extension for WebGL target not found
Refreshing native plugins compatible for Editor in 0.38 ms, found 2 plugins.
Preloading 0 native plugins for Editor in 0.00 ms.
Mono: successfully reloaded assembly
- Completed reload, in  0.792 seconds
Domain Reload Profiling:
	ReloadAssembly (792ms)
		BeginReloadAssembly (90ms)
			ExecutionOrderSort (0ms)
			DisableScriptedObjects (3ms)
			BackupInstance (0ms)
			ReleaseScriptingObjects (0ms)
			CreateAndSetChildDomain (25ms)
		EndReloadAssembly (655ms)
			LoadAssemblies (66ms)
			RebuildTransferFunctionScriptingTraits (0ms)
			SetupTypeCache (240ms)
			ReleaseScriptCaches (1ms)
			RebuildScriptCaches (28ms)
			SetupLoadedEditorAssemblies (254ms)
				LogAssemblyErrors (0ms)
				InitializePlatformSupportModulesInManaged (4ms)
				SetLoadedEditorAssemblies (1ms)
				RefreshPlugins (0ms)
				BeforeProcessingInitializeOnLoad (68ms)
				ProcessInitializeOnLoadAttributes (169ms)
				ProcessInitializeOnLoadMethodAttributes (7ms)
				AfterProcessingInitializeOnLoad (4ms)
				EditorAssembliesLoaded (0ms)
			ExecutionOrderSort2 (0ms)
			AwakeInstancesAfterBackupRestoration (5ms)
Platform modules already initialized, skipping
Refreshing native plugins compatible for Editor in 0.38 ms, found 2 plugins.
Preloading 0 native plugins for Editor in 0.00 ms.
Unloading 1514 Unused Serialized files (Serialized files now loaded: 0)
System memory in use before: 72.9 MB.
System memory in use after: 73.1 MB.

Unloading 11 unused Assets to reduce memory usage. Loaded Objects now: 2015.
Total: 2.496100 ms (FindLiveObjects: 0.101800 ms CreateObjectMapping: 0.027700 ms MarkObjects: 2.340600 ms  DeleteObjects: 0.025100 ms)

AssetImportParameters requested are different than current active one (requested -> active):
  custom:framework-win-MediaFoundation: 216162199b28c13a410421893ffa2e32 -> 
  custom:video-decoder-ogg-theora: a1e56fd34408186e4bbccfd4996cb3dc -> 
  custom:container-muxer-webm: aa71ff27fc2769a1b78a27578f13a17b -> 
  custom:container-demuxer-webm: 4f35f7cbe854078d1ac9338744f61a02 -> 
  custom:container-demuxer-ogg: 62fdf1f143b41e24485cea50d1cbac27 -> 
  custom:video-encoder-webm-vp8: eb34c28f22e8b96e1ab97ce403110664 -> 
  custom:video-codec-MediaFoundation-h265: 746d11721c4dcdbdad8f713fa42b33f4 -> 
  custom:video-decoder-webm-vp8: 9c59270c3fd7afecdb556c50c9e8de78 -> 
  custom:audio-decoder-ogg-vorbis: bf7c407c2cedff20999df2af8eb42d56 -> 
  custom:audio-encoder-webm-vorbis: bf7c407c2cedff20999df2af8eb42d56 -> 
AssetImportWorkerClient::OnTransportError - code=2 error=End of file
