Using pre-set license
Built from '2020.3/staging' branch; Version is '2020.3.28f1 (f5400f52e03f) revision 16072719'; Using compiler version '192528614'; Build Type 'Release'
OS: 'Windows 10  (10.0.19044) 64bit CoreSingleLanguage' Language: 'en' Physical Memory: 7872 MB
BatchMode: 1, IsHumanControllingUs: 0, StartBugReporterOnCrash: 0, Is64bit: 1, IsPro: 0

COMMAND LINE ARGUMENTS:
C:\Program Files\Unity\Hub\Editor\2020.3.28f1\Editor\Unity.exe
-adb2
-batchMode
-noUpm
-name
AssetImportWorker0
-projectPath
C:/Users/jhara/Desktop/New folder/Survivor-Gamedev/Survivor-unity
-logFile
Logs/AssetImportWorker0.log
-srvPort
56964
Successfully changed project path to: C:/Users/jhara/Desktop/New folder/Survivor-Gamedev/Survivor-unity
C:/Users/jhara/Desktop/New folder/Survivor-Gamedev/Survivor-unity
Using Asset Import Pipeline V2.
Refreshing native plugins compatible for Editor in 77.06 ms, found 2 plugins.
Preloading 0 native plugins for Editor in 0.00 ms.
Initialize engine version: 2020.3.28f1 (f5400f52e03f)
[Subsystems] Discovering subsystems at path C:/Program Files/Unity/Hub/Editor/2020.3.28f1/Editor/Data/Resources/UnitySubsystems
[Subsystems] Discovering subsystems at path C:/Users/jhara/Desktop/New folder/Survivor-Gamedev/Survivor-unity/Assets
GfxDevice: creating device client; threaded=0
Direct3D:
    Version:  Direct3D 11.0 [level 11.1]
    Renderer: Intel(R) UHD Graphics (ID=0x9a78)
    Vendor:   
    VRAM:     3936 MB
    Driver:   30.0.100.9864
Initialize mono
Mono path[0] = 'C:/Program Files/Unity/Hub/Editor/2020.3.28f1/Editor/Data/Managed'
Mono path[1] = 'C:/Program Files/Unity/Hub/Editor/2020.3.28f1/Editor/Data/MonoBleedingEdge/lib/mono/unityjit'
Mono config path = 'C:/Program Files/Unity/Hub/Editor/2020.3.28f1/Editor/Data/MonoBleedingEdge/etc'
Using monoOptions --debugger-agent=transport=dt_socket,embedding=1,server=y,suspend=n,address=127.0.0.1:56724
Begin MonoManager ReloadAssembly
Registering precompiled unity dll's ...
Register platform support module: C:/Program Files/Unity/Hub/Editor/2020.3.28f1/Editor/Data/PlaybackEngines/WebGLSupport/UnityEditor.WebGL.Extensions.dll
Register platform support module: C:/Program Files/Unity/Hub/Editor/2020.3.28f1/Editor/Data/PlaybackEngines/WindowsStandaloneSupport/UnityEditor.WindowsStandalone.Extensions.dll
Registered in 0.004824 seconds.
Native extension for WindowsStandalone target not found
Native extension for WebGL target not found
Refreshing native plugins compatible for Editor in 76.98 ms, found 2 plugins.
Preloading 0 native plugins for Editor in 0.00 ms.
Mono: successfully reloaded assembly
- Completed reload, in  1.296 seconds
Domain Reload Profiling:
	ReloadAssembly (1296ms)
		BeginReloadAssembly (133ms)
			ExecutionOrderSort (0ms)
			DisableScriptedObjects (0ms)
			BackupInstance (0ms)
			ReleaseScriptingObjects (0ms)
			CreateAndSetChildDomain (1ms)
		EndReloadAssembly (996ms)
			LoadAssemblies (130ms)
			RebuildTransferFunctionScriptingTraits (0ms)
			SetupTypeCache (325ms)
			ReleaseScriptCaches (0ms)
			RebuildScriptCaches (71ms)
			SetupLoadedEditorAssemblies (378ms)
				LogAssemblyErrors (0ms)
				InitializePlatformSupportModulesInManaged (12ms)
				SetLoadedEditorAssemblies (0ms)
				RefreshPlugins (77ms)
				BeforeProcessingInitializeOnLoad (24ms)
				ProcessInitializeOnLoadAttributes (202ms)
				ProcessInitializeOnLoadMethodAttributes (61ms)
				AfterProcessingInitializeOnLoad (0ms)
				EditorAssembliesLoaded (0ms)
			ExecutionOrderSort2 (0ms)
			AwakeInstancesAfterBackupRestoration (0ms)
Platform modules already initialized, skipping
Registering precompiled user dll's ...
Registered in 0.005784 seconds.
Begin MonoManager ReloadAssembly
Native extension for WindowsStandalone target not found
Native extension for WebGL target not found
Refreshing native plugins compatible for Editor in 0.66 ms, found 2 plugins.
Preloading 0 native plugins for Editor in 0.00 ms.
Mono: successfully reloaded assembly
- Completed reload, in  2.300 seconds
Domain Reload Profiling:
	ReloadAssembly (2302ms)
		BeginReloadAssembly (316ms)
			ExecutionOrderSort (0ms)
			DisableScriptedObjects (10ms)
			BackupInstance (0ms)
			ReleaseScriptingObjects (0ms)
			CreateAndSetChildDomain (38ms)
		EndReloadAssembly (1852ms)
			LoadAssemblies (207ms)
			RebuildTransferFunctionScriptingTraits (0ms)
			SetupTypeCache (736ms)
			ReleaseScriptCaches (1ms)
			RebuildScriptCaches (85ms)
			SetupLoadedEditorAssemblies (648ms)
				LogAssemblyErrors (0ms)
				InitializePlatformSupportModulesInManaged (13ms)
				SetLoadedEditorAssemblies (1ms)
				RefreshPlugins (1ms)
				BeforeProcessingInitializeOnLoad (131ms)
				ProcessInitializeOnLoadAttributes (470ms)
				ProcessInitializeOnLoadMethodAttributes (20ms)
				AfterProcessingInitializeOnLoad (12ms)
				EditorAssembliesLoaded (1ms)
			ExecutionOrderSort2 (0ms)
			AwakeInstancesAfterBackupRestoration (14ms)
Platform modules already initialized, skipping
========================================================================
Worker process is ready to serve import requests
Launched and connected shader compiler UnityShaderCompiler.exe after 0.12 seconds
Refreshing native plugins compatible for Editor in 0.53 ms, found 2 plugins.
Preloading 0 native plugins for Editor in 0.00 ms.
Unloading 1547 Unused Serialized files (Serialized files now loaded: 0)
System memory in use before: 72.2 MB.
System memory in use after: 72.3 MB.

Unloading 16 unused Assets to reduce memory usage. Loaded Objects now: 1984.
Total: 5.451800 ms (FindLiveObjects: 0.185000 ms CreateObjectMapping: 0.073500 ms MarkObjects: 4.940400 ms  DeleteObjects: 0.251300 ms)

AssetImportParameters requested are different than current active one (requested -> active):
  custom:framework-win-MediaFoundation: 216162199b28c13a410421893ffa2e32 -> 
  custom:video-decoder-ogg-theora: a1e56fd34408186e4bbccfd4996cb3dc -> 
  custom:container-muxer-webm: aa71ff27fc2769a1b78a27578f13a17b -> 
  custom:container-demuxer-webm: 4f35f7cbe854078d1ac9338744f61a02 -> 
  custom:container-demuxer-ogg: 62fdf1f143b41e24485cea50d1cbac27 -> 
  custom:video-encoder-webm-vp8: eb34c28f22e8b96e1ab97ce403110664 -> 
  custom:video-decoder-webm-vp8: 9c59270c3fd7afecdb556c50c9e8de78 -> 
  custom:audio-decoder-ogg-vorbis: bf7c407c2cedff20999df2af8eb42d56 -> 
  custom:audio-encoder-webm-vorbis: bf7c407c2cedff20999df2af8eb42d56 -> 
========================================================================
Received Import Request.
  path: Assets/2d Wallpaper - WallpaperSafari.jpg
  artifactKey: Guid(38ae3245a869b30428dbff7f3cdeb0be) Importer(815301076,1909f56bfc062723c751e8b465ee728b)
Start importing Assets/2d Wallpaper - WallpaperSafari.jpg using Guid(38ae3245a869b30428dbff7f3cdeb0be) Importer(815301076,1909f56bfc062723c751e8b465ee728b)  -> (artifact id: '76f967397f56fd9a80265d7579d4970b') in 0.189129 seconds 
  Import took 0.195621 seconds .

========================================================================
Received Import Request.
  Time since last request: 0.000404 seconds.
  path: Assets/backround.jpg
  artifactKey: Guid(2bc3b10cd9786514c965c76d271cdd4a) Importer(815301076,1909f56bfc062723c751e8b465ee728b)
Start importing Assets/backround.jpg using Guid(2bc3b10cd9786514c965c76d271cdd4a) Importer(815301076,1909f56bfc062723c751e8b465ee728b)  -> (artifact id: 'fd4ce24ea3d715fdef34342f838dddf0') in 0.060508 seconds 
  Import took 0.069580 seconds .

========================================================================
Received Import Request.
  Time since last request: 0.000410 seconds.
  path: Assets/Skybox1.mat
  artifactKey: Guid(b700508f60de9824b834f0f18e4e8c3b) Importer(815301076,1909f56bfc062723c751e8b465ee728b)
Start importing Assets/Skybox1.mat using Guid(b700508f60de9824b834f0f18e4e8c3b) Importer(815301076,1909f56bfc062723c751e8b465ee728b)  -> (artifact id: '85f67a3ccb77ca68be3bb90cf715825f') in 0.179087 seconds 
  Import took 0.185794 seconds .

========================================================================
Received Import Request.
  Time since last request: 20.337374 seconds.
  path: Assets/Win.cs
  artifactKey: Guid(5dca90dcaceaf7e41b521b9d491e2c9f) Importer(815301076,1909f56bfc062723c751e8b465ee728b)
Start importing Assets/Win.cs using Guid(5dca90dcaceaf7e41b521b9d491e2c9f) Importer(815301076,1909f56bfc062723c751e8b465ee728b)  -> (artifact id: 'f50c2e9214369f87a2d18f13254a0f17') in 0.036975 seconds 
  Import took 0.045125 seconds .

========================================================================
Received Import Request.
  Time since last request: 83.912610 seconds.
  path: Assets/Scenes/Level 2.unity
  artifactKey: Guid(e0812eb746d15a548a62d62da7f29993) Importer(815301076,1909f56bfc062723c751e8b465ee728b)
Start importing Assets/Scenes/Level 2.unity using Guid(e0812eb746d15a548a62d62da7f29993) Importer(815301076,1909f56bfc062723c751e8b465ee728b)  -> (artifact id: '654058e63a96cce413cab0edae3102b2') in 0.007118 seconds 
  Import took 0.015082 seconds .

AssetImportWorkerClient::OnTransportError - code=2 error=End of file
